[2025-02-21 22:31:36.637667] INFO: logInfo: 开始回测BOLL_RSI_V1指标~
[2025-02-21 22:31:41.190746] INFO: logInfo: code: 601939 all_pnl:0.0 win_rate:0.0 trade_count:0.0 unrealized_pnl:0.0 signal:-1
[2025-02-21 22:31:41.190974] INFO: logInfo: Empty DataFrame
Columns: [type, entry_date, exit_date, shares, pnl]
Index: []
[2025-02-21 22:31:41.192676] INFO: logInfo: Empty DataFrame
Columns: [type, date, shares, fill_price]
Index: []
[2025-02-21 22:31:41.477914] INFO: logInfo: code: 601288 all_pnl:0.0 win_rate:0.0 trade_count:0.0 unrealized_pnl:0.0 signal:-1
[2025-02-21 22:31:41.478122] INFO: logInfo: Empty DataFrame
Columns: [type, entry_date, exit_date, shares, pnl]
Index: []
[2025-02-21 22:31:41.478457] INFO: logInfo: Empty DataFrame
Columns: [type, date, shares, fill_price]
Index: []
[2025-02-21 22:31:41.616082] INFO: logInfo: code: 601988 all_pnl:0.0 win_rate:0.0 trade_count:0.0 unrealized_pnl:0.0 signal:-1
[2025-02-21 22:31:41.616296] INFO: logInfo: Empty DataFrame
Columns: [type, entry_date, exit_date, shares, pnl]
Index: []
[2025-02-21 22:31:41.616630] INFO: logInfo: Empty DataFrame
Columns: [type, date, shares, fill_price]
Index: []
[2025-02-21 22:31:42.663577] INFO: logInfo: code: 688981 all_pnl:29699.619999999995 win_rate:100.0 trade_count:1.0 unrealized_pnl:-3.637978807091713e-12 signal:-1
[2025-02-21 22:31:42.663787] INFO: logInfo:     type entry_date  exit_date  shares       pnl
id                                              
1   long 2024-01-10 2024-10-08    1238  29699.62
[2025-02-21 22:31:42.665613] INFO: logInfo:     type       date  shares  fill_price
id                                     
1    buy 2024-01-10    1238       47.98
2   sell 2024-10-08    1238       71.97
[2025-02-21 22:31:43.279255] INFO: logInfo: code: 601328 all_pnl:0.0 win_rate:0.0 trade_count:0.0 unrealized_pnl:0.0 signal:-1
[2025-02-21 22:31:43.279459] INFO: logInfo: Empty DataFrame
Columns: [type, entry_date, exit_date, shares, pnl]
Index: []
[2025-02-21 22:31:43.279782] INFO: logInfo: Empty DataFrame
Columns: [type, date, shares, fill_price]
Index: []
[2025-02-21 22:31:45.100300] INFO: logInfo: code: 600000 all_pnl:0.0 win_rate:0.0 trade_count:0.0 unrealized_pnl:0.0 signal:-1
[2025-02-21 22:31:45.100539] INFO: logInfo: Empty DataFrame
Columns: [type, entry_date, exit_date, shares, pnl]
Index: []
[2025-02-21 22:31:45.100875] INFO: logInfo: Empty DataFrame
Columns: [type, date, shares, fill_price]
Index: []
[2025-02-21 22:31:46.098807] INFO: logInfo: code: 688256 all_pnl:0.0 win_rate:0.0 trade_count:0.0 unrealized_pnl:0.0 signal:-1
[2025-02-21 22:31:46.099016] INFO: logInfo: Empty DataFrame
Columns: [type, entry_date, exit_date, shares, pnl]
Index: []
[2025-02-21 22:31:46.099341] INFO: logInfo: Empty DataFrame
Columns: [type, date, shares, fill_price]
Index: []
[2025-02-21 22:31:47.405624] INFO: logInfo: code: 601818 all_pnl:12534.039999999994 win_rate:100.0 trade_count:1.0 unrealized_pnl:-650.6000000000058 signal:-1
[2025-02-21 22:31:47.405843] INFO: logInfo:     type entry_date  exit_date  shares       pnl
id                                              
1   long 2023-11-30 2025-01-02   12096  13184.64
[2025-02-21 22:31:47.407422] INFO: logInfo:     type       date  shares  fill_price
id                                     
1    buy 2023-11-30   12096        4.97
2   sell 2025-01-02   18602        6.06
[2025-02-21 22:31:49.841605] INFO: logInfo: code: 601127 all_pnl:0.0 win_rate:0.0 trade_count:0.0 unrealized_pnl:0.0 signal:-1
[2025-02-21 22:31:49.842323] INFO: logInfo: Empty DataFrame
Columns: [type, entry_date, exit_date, shares, pnl]
Index: []
[2025-02-21 22:31:49.842751] INFO: logInfo: Empty DataFrame
Columns: [type, date, shares, fill_price]
Index: []
[2025-02-21 22:31:50.584206] INFO: logInfo: code: 600919 all_pnl:16862.940000000002 win_rate:100.0 trade_count:1.0 unrealized_pnl:-2992.4999999999964 signal:-1
[2025-02-21 22:31:50.584457] INFO: logInfo:     type entry_date  exit_date  shares       pnl
id                                              
1   long 2023-11-14 2024-10-08    6072  19855.44
[2025-02-21 22:31:50.586098] INFO: logInfo:     type       date  shares  fill_price
id                                     
1    buy 2023-11-14    6072        9.88
2   sell 2024-10-08    9222       13.15
[2025-02-21 22:31:54.415621] INFO: logInfo: code: 300433 all_pnl:118542.45000000001 win_rate:100.0 trade_count:1.0 unrealized_pnl:1.4551915228366852e-11 signal:-1
[2025-02-21 22:31:54.415846] INFO: logInfo:     type entry_date  exit_date  shares        pnl
id                                               
1   long 2024-01-23 2025-02-06    1443  118542.45
[2025-02-21 22:31:54.417456] INFO: logInfo:     type       date  shares  fill_price
id                                     
1    buy 2024-01-23    1443       69.29
2   sell 2025-02-06    1443      151.44
[2025-02-21 22:31:54.742911] INFO: logInfo: code: 601229 all_pnl:0.0 win_rate:0.0 trade_count:0.0 unrealized_pnl:0.0 signal:-1
[2025-02-21 22:31:54.743130] INFO: logInfo: Empty DataFrame
Columns: [type, entry_date, exit_date, shares, pnl]
Index: []
[2025-02-21 22:31:54.743740] INFO: logInfo: Empty DataFrame
Columns: [type, date, shares, fill_price]
Index: []
[2025-02-21 22:31:55.724153] INFO: logInfo: code: 601169 all_pnl:0.0 win_rate:0.0 trade_count:0.0 unrealized_pnl:0.0 signal:-1
[2025-02-21 22:31:55.724386] INFO: logInfo: Empty DataFrame
Columns: [type, entry_date, exit_date, shares, pnl]
Index: []
[2025-02-21 22:31:55.724725] INFO: logInfo: Empty DataFrame
Columns: [type, date, shares, fill_price]
Index: []
[2025-02-21 22:31:57.707378] INFO: logInfo: code: 605499 all_pnl:30489.5 win_rate:100.0 trade_count:1.0 unrealized_pnl:0.0 signal:-1
[2025-02-21 22:31:57.707616] INFO: logInfo:     type entry_date  exit_date  shares      pnl
id                                             
1   long 2024-01-10 2024-09-30     340  30489.5
[2025-02-21 22:31:57.709261] INFO: logInfo:     type       date  shares  fill_price
id                                     
1    buy 2024-01-10     340      179.35
2   sell 2024-09-30     340      269.03
[2025-02-21 22:31:57.846283] INFO: logInfo: code: 600015 all_pnl:0.0 win_rate:0.0 trade_count:0.0 unrealized_pnl:0.0 signal:-1
[2025-02-21 22:31:57.846501] INFO: logInfo: Empty DataFrame
Columns: [type, entry_date, exit_date, shares, pnl]
Index: []
[2025-02-21 22:31:57.846844] INFO: logInfo: Empty DataFrame
Columns: [type, date, shares, fill_price]
Index: []
[2025-02-21 22:32:02.307810] INFO: logInfo: code: 300442 all_pnl:0.0 win_rate:0.0 trade_count:0.0 unrealized_pnl:0.0 signal:-1
[2025-02-21 22:32:02.308979] INFO: logInfo: Empty DataFrame
Columns: [type, entry_date, exit_date, shares, pnl]
Index: []
[2025-02-21 22:32:02.309329] INFO: logInfo: Empty DataFrame
Columns: [type, date, shares, fill_price]
Index: []
[2025-02-21 22:32:04.639776] INFO: logInfo: code: 300502 all_pnl:29950.990000000005 win_rate:100.0 trade_count:1.0 unrealized_pnl:3.637978807091713e-12 signal:-1
[2025-02-21 22:32:04.640003] INFO: logInfo:     type entry_date  exit_date  shares       pnl
id                                              
1   long 2023-11-02 2023-11-13     233  29950.99
[2025-02-21 22:32:04.641608] INFO: logInfo:     type       date  shares  fill_price
id                                     
1    buy 2023-11-02     233      257.09
2   sell 2023-11-13     233      385.64
[2025-02-21 22:32:05.344397] INFO: logInfo: code: 600418 all_pnl:0.0 win_rate:0.0 trade_count:0.0 unrealized_pnl:0.0 signal:-1
[2025-02-21 22:32:05.344619] INFO: logInfo: Empty DataFrame
Columns: [type, entry_date, exit_date, shares, pnl]
Index: []
[2025-02-21 22:32:05.344949] INFO: logInfo: Empty DataFrame
Columns: [type, date, shares, fill_price]
Index: []
[2025-02-21 22:32:06.611260] INFO: logInfo: code: 600183 all_pnl:31704.089999999997 win_rate:100.0 trade_count:1.0 unrealized_pnl:-3.637978807091713e-12 signal:-1
[2025-02-21 22:32:06.611484] INFO: logInfo:     type entry_date  exit_date  shares       pnl
id                                              
1   long 2024-09-19 2025-01-20     503  31704.09
[2025-02-21 22:32:06.613129] INFO: logInfo:     type       date  shares  fill_price
id                                     
1    buy 2024-09-19     503      119.06
2   sell 2025-01-20     503      182.09
[2025-02-21 22:32:07.981632] INFO: logInfo: code: 601825 all_pnl:0.0 win_rate:0.0 trade_count:0.0 unrealized_pnl:0.0 signal:-1
[2025-02-21 22:32:07.981851] INFO: logInfo: Empty DataFrame
Columns: [type, entry_date, exit_date, shares, pnl]
Index: []
[2025-02-21 22:32:07.982181] INFO: logInfo: Empty DataFrame
Columns: [type, date, shares, fill_price]
Index: []
[2025-02-21 22:32:10.281219] INFO: logInfo: code: 603893 all_pnl:0.0 win_rate:0.0 trade_count:0.0 unrealized_pnl:0.0 signal:-1
[2025-02-21 22:32:10.281626] INFO: logInfo: Empty DataFrame
Columns: [type, entry_date, exit_date, shares, pnl]
Index: []
[2025-02-21 22:32:10.282056] INFO: logInfo: Empty DataFrame
Columns: [type, date, shares, fill_price]
Index: []
[2025-02-21 22:32:10.942541] INFO: logInfo: code: 601077 all_pnl:0.0 win_rate:0.0 trade_count:0.0 unrealized_pnl:0.0 signal:-1
[2025-02-21 22:32:10.942747] INFO: logInfo: Empty DataFrame
Columns: [type, entry_date, exit_date, shares, pnl]
Index: []
[2025-02-21 22:32:10.943069] INFO: logInfo: Empty DataFrame
Columns: [type, date, shares, fill_price]
Index: []
[2025-02-21 22:32:11.070735] INFO: logInfo: code: 600415 all_pnl:0.0 win_rate:0.0 trade_count:0.0 unrealized_pnl:0.0 signal:-1
[2025-02-21 22:32:11.070974] INFO: logInfo: Empty DataFrame
Columns: [type, entry_date, exit_date, shares, pnl]
Index: []
[2025-02-21 22:32:11.071328] INFO: logInfo: Empty DataFrame
Columns: [type, date, shares, fill_price]
Index: []
[2025-02-21 22:32:13.834330] INFO: logInfo: code: 002028 all_pnl:0.0 win_rate:0.0 trade_count:0.0 unrealized_pnl:0.0 signal:-1
[2025-02-21 22:32:13.834545] INFO: logInfo: Empty DataFrame
Columns: [type, entry_date, exit_date, shares, pnl]
Index: []
[2025-02-21 22:32:13.834876] INFO: logInfo: Empty DataFrame
Columns: [type, date, shares, fill_price]
Index: []
[2025-02-21 22:32:15.127581] INFO: logInfo: code: 601298 all_pnl:0.0 win_rate:0.0 trade_count:0.0 unrealized_pnl:0.0 signal:-1
[2025-02-21 22:32:15.127800] INFO: logInfo: Empty DataFrame
Columns: [type, entry_date, exit_date, shares, pnl]
Index: []
[2025-02-21 22:32:15.128142] INFO: logInfo: Empty DataFrame
Columns: [type, date, shares, fill_price]
Index: []
[2025-02-21 22:32:15.320860] INFO: logInfo: code: 600066 all_pnl:0.0 win_rate:0.0 trade_count:0.0 unrealized_pnl:0.0 signal:-1
[2025-02-21 22:32:15.321096] INFO: logInfo: Empty DataFrame
Columns: [type, entry_date, exit_date, shares, pnl]
Index: []
[2025-02-21 22:32:15.321458] INFO: logInfo: Empty DataFrame
Columns: [type, date, shares, fill_price]
Index: []
[2025-02-21 22:32:20.586810] INFO: logInfo: code: 600350 all_pnl:0.0 win_rate:0.0 trade_count:0.0 unrealized_pnl:0.0 signal:-1
[2025-02-21 22:32:20.587024] INFO: logInfo: Empty DataFrame
Columns: [type, entry_date, exit_date, shares, pnl]
Index: []
[2025-02-21 22:32:20.587350] INFO: logInfo: Empty DataFrame
Columns: [type, date, shares, fill_price]
Index: []
[2025-02-21 22:32:21.015709] INFO: logInfo: 回测BOLL_RSI_V1指标结束~ 回测总计: 胜场81 负场:9 总收益1952005.5899999999
[2025-02-21 22:32:21.015852] INFO: logInfo: 开始回测BOLL_MACD指标~
[2025-02-21 22:32:21.277395] INFO: logInfo: code: 601939 all_pnl:0.0 win_rate:0.0 trade_count:0.0 unrealized_pnl:0.0 signal:-1
[2025-02-21 22:32:21.277607] INFO: logInfo: Empty DataFrame
Columns: [type, entry_date, exit_date, shares, pnl]
Index: []
[2025-02-21 22:32:21.277930] INFO: logInfo: Empty DataFrame
Columns: [type, date, shares, fill_price]
Index: []
[2025-02-21 22:32:21.550928] INFO: logInfo: code: 601288 all_pnl:0.0 win_rate:0.0 trade_count:0.0 unrealized_pnl:0.0 signal:-1
[2025-02-21 22:32:21.551142] INFO: logInfo: Empty DataFrame
Columns: [type, entry_date, exit_date, shares, pnl]
Index: []
[2025-02-21 22:32:21.551470] INFO: logInfo: Empty DataFrame
Columns: [type, date, shares, fill_price]
Index: []
[2025-02-21 22:32:21.670609] INFO: logInfo: code: 601988 all_pnl:0.0 win_rate:0.0 trade_count:0.0 unrealized_pnl:0.0 signal:-1
[2025-02-21 22:32:21.670824] INFO: logInfo: Empty DataFrame
Columns: [type, entry_date, exit_date, shares, pnl]
Index: []
[2025-02-21 22:32:21.671158] INFO: logInfo: Empty DataFrame
Columns: [type, date, shares, fill_price]
Index: []
[2025-02-21 22:32:22.843634] INFO: logInfo: code: 688981 all_pnl:101297.29999999999 win_rate:100.0 trade_count:1.0 unrealized_pnl:-1.4551915228366852e-11 signal:-1
[2025-02-21 22:32:22.843851] INFO: logInfo:     type entry_date  exit_date  shares       pnl
id                                              
1   long 2024-09-18 2024-11-01    2326  101297.3
[2025-02-21 22:32:22.845459] INFO: logInfo:     type       date  shares  fill_price
id                                     
1    buy 2024-09-18    2326       42.98
2   sell 2024-11-01    2326       86.53
[2025-02-21 22:32:23.457044] INFO: logInfo: code: 601328 all_pnl:0.0 win_rate:0.0 trade_count:0.0 unrealized_pnl:0.0 signal:-1
[2025-02-21 22:32:23.457252] INFO: logInfo: Empty DataFrame
Columns: [type, entry_date, exit_date, shares, pnl]
Index: []
[2025-02-21 22:32:23.457576] INFO: logInfo: Empty DataFrame
Columns: [type, date, shares, fill_price]
Index: []
[2025-02-21 22:32:25.056883] INFO: logInfo: code: 600000 all_pnl:0.0 win_rate:0.0 trade_count:0.0 unrealized_pnl:0.0 signal:-1
[2025-02-21 22:32:25.057106] INFO: logInfo: Empty DataFrame
Columns: [type, entry_date, exit_date, shares, pnl]
Index: []
[2025-02-21 22:32:25.057445] INFO: logInfo: Empty DataFrame
Columns: [type, date, shares, fill_price]
Index: []
[2025-02-21 22:32:25.948387] INFO: logInfo: code: 688256 all_pnl:0.0 win_rate:0.0 trade_count:0.0 unrealized_pnl:0.0 signal:-1
[2025-02-21 22:32:25.948609] INFO: logInfo: Empty DataFrame
Columns: [type, entry_date, exit_date, shares, pnl]
Index: []
[2025-02-21 22:32:25.948944] INFO: logInfo: Empty DataFrame
Columns: [type, date, shares, fill_price]
Index: []
[2025-02-21 22:32:27.176493] INFO: logInfo: code: 601818 all_pnl:0.0 win_rate:0.0 trade_count:0.0 unrealized_pnl:0.0 signal:-1
[2025-02-21 22:32:27.177164] INFO: logInfo: Empty DataFrame
Columns: [type, entry_date, exit_date, shares, pnl]
Index: []
[2025-02-21 22:32:27.177507] INFO: logInfo: Empty DataFrame
Columns: [type, date, shares, fill_price]
Index: []
[2025-02-21 22:32:29.256639] INFO: logInfo: code: 601127 all_pnl:0.0 win_rate:0.0 trade_count:0.0 unrealized_pnl:0.0 signal:-1
[2025-02-21 22:32:29.256923] INFO: logInfo: Empty DataFrame
Columns: [type, entry_date, exit_date, shares, pnl]
Index: []
[2025-02-21 22:32:29.257360] INFO: logInfo: Empty DataFrame
Columns: [type, date, shares, fill_price]
Index: []
[2025-02-21 22:32:29.896615] INFO: logInfo: code: 600919 all_pnl:0.0 win_rate:0.0 trade_count:0.0 unrealized_pnl:0.0 signal:-1
[2025-02-21 22:32:29.896822] INFO: logInfo: Empty DataFrame
Columns: [type, entry_date, exit_date, shares, pnl]
Index: []
[2025-02-21 22:32:29.897141] INFO: logInfo: Empty DataFrame
Columns: [type, date, shares, fill_price]
Index: []
[2025-02-21 22:32:33.119148] INFO: logInfo: code: 300433 all_pnl:0.0 win_rate:0.0 trade_count:0.0 unrealized_pnl:0.0 signal:-1
[2025-02-21 22:32:33.119943] INFO: logInfo: Empty DataFrame
Columns: [type, entry_date, exit_date, shares, pnl]
Index: []
[2025-02-21 22:32:33.120299] INFO: logInfo: Empty DataFrame
Columns: [type, date, shares, fill_price]
Index: []
[2025-02-21 22:32:33.502505] INFO: logInfo: code: 601229 all_pnl:0.0 win_rate:0.0 trade_count:0.0 unrealized_pnl:0.0 signal:-1
[2025-02-21 22:32:33.502743] INFO: logInfo: Empty DataFrame
Columns: [type, entry_date, exit_date, shares, pnl]
Index: []
[2025-02-21 22:32:33.503085] INFO: logInfo: Empty DataFrame
Columns: [type, date, shares, fill_price]
Index: []
[2025-02-21 22:32:34.499406] INFO: logInfo: code: 601169 all_pnl:0.0 win_rate:0.0 trade_count:0.0 unrealized_pnl:0.0 signal:-1
[2025-02-21 22:32:34.499647] INFO: logInfo: Empty DataFrame
Columns: [type, entry_date, exit_date, shares, pnl]
Index: []
[2025-02-21 22:32:34.499984] INFO: logInfo: Empty DataFrame
Columns: [type, date, shares, fill_price]
Index: []
[2025-02-21 22:32:37.338413] INFO: logInfo: code: 605499 all_pnl:0.0 win_rate:0.0 trade_count:0.0 unrealized_pnl:0.0 signal:-1
[2025-02-21 22:32:37.338678] INFO: logInfo: Empty DataFrame
Columns: [type, entry_date, exit_date, shares, pnl]
Index: []
[2025-02-21 22:32:37.339033] INFO: logInfo: Empty DataFrame
Columns: [type, date, shares, fill_price]
Index: []
[2025-02-21 22:32:37.502570] INFO: logInfo: code: 600015 all_pnl:0.0 win_rate:0.0 trade_count:0.0 unrealized_pnl:0.0 signal:-1
[2025-02-21 22:32:37.502779] INFO: logInfo: Empty DataFrame
Columns: [type, entry_date, exit_date, shares, pnl]
Index: []
[2025-02-21 22:32:37.503111] INFO: logInfo: Empty DataFrame
Columns: [type, date, shares, fill_price]
Index: []
[2025-02-21 22:32:40.629354] INFO: logInfo: code: 300442 all_pnl:0.0 win_rate:0.0 trade_count:0.0 unrealized_pnl:0.0 signal:-1
[2025-02-21 22:32:40.629592] INFO: logInfo: Empty DataFrame
Columns: [type, entry_date, exit_date, shares, pnl]
Index: []
[2025-02-21 22:32:40.629979] INFO: logInfo: Empty DataFrame
Columns: [type, date, shares, fill_price]
Index: []
[2025-02-21 22:32:43.102755] INFO: logInfo: code: 300502 all_pnl:0.0 win_rate:0.0 trade_count:0.0 unrealized_pnl:0.0 signal:-1
[2025-02-21 22:32:43.103467] INFO: logInfo: Empty DataFrame
Columns: [type, entry_date, exit_date, shares, pnl]
Index: []
[2025-02-21 22:32:43.103817] INFO: logInfo: Empty DataFrame
Columns: [type, date, shares, fill_price]
Index: []
[2025-02-21 22:32:43.755784] INFO: logInfo: code: 600418 all_pnl:0.0 win_rate:0.0 trade_count:0.0 unrealized_pnl:0.0 signal:-1
[2025-02-21 22:32:43.756016] INFO: logInfo: Empty DataFrame
Columns: [type, entry_date, exit_date, shares, pnl]
Index: []
[2025-02-21 22:32:43.756361] INFO: logInfo: Empty DataFrame
Columns: [type, date, shares, fill_price]
Index: []
[2025-02-21 22:32:45.142519] INFO: logInfo: code: 600183 all_pnl:0.0 win_rate:0.0 trade_count:0.0 unrealized_pnl:0.0 signal:-1
[2025-02-21 22:32:45.142738] INFO: logInfo: Empty DataFrame
Columns: [type, entry_date, exit_date, shares, pnl]
Index: []
[2025-02-21 22:32:45.143074] INFO: logInfo: Empty DataFrame
Columns: [type, date, shares, fill_price]
Index: []
[2025-02-21 22:32:46.473477] INFO: logInfo: code: 601825 all_pnl:0.0 win_rate:0.0 trade_count:0.0 unrealized_pnl:0.0 signal:-1
[2025-02-21 22:32:46.473704] INFO: logInfo: Empty DataFrame
Columns: [type, entry_date, exit_date, shares, pnl]
Index: []
[2025-02-21 22:32:46.474042] INFO: logInfo: Empty DataFrame
Columns: [type, date, shares, fill_price]
Index: []
[2025-02-21 22:32:48.602787] INFO: logInfo: code: 603893 all_pnl:0.0 win_rate:0.0 trade_count:0.0 unrealized_pnl:0.0 signal:-1
[2025-02-21 22:32:48.603003] INFO: logInfo: Empty DataFrame
Columns: [type, entry_date, exit_date, shares, pnl]
Index: []
[2025-02-21 22:32:48.603330] INFO: logInfo: Empty DataFrame
Columns: [type, date, shares, fill_price]
Index: []
[2025-02-21 22:32:49.312784] INFO: logInfo: code: 601077 all_pnl:0.0 win_rate:0.0 trade_count:0.0 unrealized_pnl:0.0 signal:-1
[2025-02-21 22:32:49.313004] INFO: logInfo: Empty DataFrame
Columns: [type, entry_date, exit_date, shares, pnl]
Index: []
[2025-02-21 22:32:49.313339] INFO: logInfo: Empty DataFrame
Columns: [type, date, shares, fill_price]
Index: []
[2025-02-21 22:32:49.433942] INFO: logInfo: code: 600415 all_pnl:0.0 win_rate:0.0 trade_count:0.0 unrealized_pnl:0.0 signal:-1
[2025-02-21 22:32:49.434147] INFO: logInfo: Empty DataFrame
Columns: [type, entry_date, exit_date, shares, pnl]
Index: []
[2025-02-21 22:32:49.434467] INFO: logInfo: Empty DataFrame
Columns: [type, date, shares, fill_price]
Index: []
[2025-02-21 22:32:52.013783] INFO: logInfo: code: 002028 all_pnl:0.0 win_rate:0.0 trade_count:0.0 unrealized_pnl:0.0 signal:-1
[2025-02-21 22:32:52.014030] INFO: logInfo: Empty DataFrame
Columns: [type, entry_date, exit_date, shares, pnl]
Index: []
[2025-02-21 22:32:52.014397] INFO: logInfo: Empty DataFrame
Columns: [type, date, shares, fill_price]
Index: []
[2025-02-21 22:32:53.362037] INFO: logInfo: code: 601298 all_pnl:0.0 win_rate:0.0 trade_count:0.0 unrealized_pnl:0.0 signal:-1
[2025-02-21 22:32:53.362242] INFO: logInfo: Empty DataFrame
Columns: [type, entry_date, exit_date, shares, pnl]
Index: []
[2025-02-21 22:32:53.362584] INFO: logInfo: Empty DataFrame
Columns: [type, date, shares, fill_price]
Index: []
[2025-02-21 22:32:53.510261] INFO: logInfo: code: 600066 all_pnl:0.0 win_rate:0.0 trade_count:0.0 unrealized_pnl:0.0 signal:-1
[2025-02-21 22:32:53.510481] INFO: logInfo: Empty DataFrame
Columns: [type, entry_date, exit_date, shares, pnl]
Index: []
[2025-02-21 22:32:53.510838] INFO: logInfo: Empty DataFrame
Columns: [type, date, shares, fill_price]
Index: []
[2025-02-21 22:32:57.538135] INFO: logInfo: code: 600350 all_pnl:0.0 win_rate:0.0 trade_count:0.0 unrealized_pnl:0.0 signal:-1
[2025-02-21 22:32:57.538367] INFO: logInfo: Empty DataFrame
Columns: [type, entry_date, exit_date, shares, pnl]
Index: []
[2025-02-21 22:32:57.538702] INFO: logInfo: Empty DataFrame
Columns: [type, date, shares, fill_price]
Index: []
[2025-02-21 22:32:57.909952] INFO: logInfo: 回测BOLL_MACD指标结束~ 回测总计: 胜场32 负场:1 总收益1465548.4
[2025-02-21 22:32:57.910089] INFO: logInfo: 开始回测MACD指标~
[2025-02-21 22:32:57.910120] INFO: logInfo: 回测MACD指标结束~
[2025-02-21 22:43:23.386963] INFO: logInfo: 开始回测BOLL_RSI_V1指标~
[2025-02-21 22:43:28.918006] INFO: logInfo: code: 601939 all_pnl:0.0 win_rate:0.0 trade_count:0.0 unrealized_pnl:0.0 signal:-1
[2025-02-21 22:43:28.918278] INFO: logInfo: Empty DataFrame
Columns: [type, entry_date, exit_date, shares, pnl]
Index: []
[2025-02-21 22:43:28.919994] INFO: logInfo: Empty DataFrame
Columns: [type, date, shares, fill_price]
Index: []
[2025-02-21 22:43:29.168447] INFO: logInfo: code: 601288 all_pnl:0.0 win_rate:0.0 trade_count:0.0 unrealized_pnl:0.0 signal:-1
[2025-02-21 22:43:29.168666] INFO: logInfo: Empty DataFrame
Columns: [type, entry_date, exit_date, shares, pnl]
Index: []
[2025-02-21 22:43:29.168993] INFO: logInfo: Empty DataFrame
Columns: [type, date, shares, fill_price]
Index: []
[2025-02-21 22:43:29.293460] INFO: logInfo: code: 601988 all_pnl:0.0 win_rate:0.0 trade_count:0.0 unrealized_pnl:0.0 signal:-1
[2025-02-21 22:43:29.293722] INFO: logInfo: Empty DataFrame
Columns: [type, entry_date, exit_date, shares, pnl]
Index: []
[2025-02-21 22:43:29.294111] INFO: logInfo: Empty DataFrame
Columns: [type, date, shares, fill_price]
Index: []
[2025-02-21 22:43:30.344482] INFO: logInfo: code: 688981 all_pnl:29699.619999999995 win_rate:100.0 trade_count:1.0 unrealized_pnl:-3.637978807091713e-12 signal:-1
[2025-02-21 22:43:30.344709] INFO: logInfo:     type entry_date  exit_date  shares       pnl
id                                              
1   long 2024-01-10 2024-10-08    1238  29699.62
[2025-02-21 22:43:30.346507] INFO: logInfo:     type       date  shares  fill_price
id                                     
1    buy 2024-01-10    1238       47.98
2   sell 2024-10-08    1238       71.97
[2025-02-21 22:43:30.935637] INFO: logInfo: code: 601328 all_pnl:0.0 win_rate:0.0 trade_count:0.0 unrealized_pnl:0.0 signal:-1
[2025-02-21 22:43:30.935860] INFO: logInfo: Empty DataFrame
Columns: [type, entry_date, exit_date, shares, pnl]
Index: []
[2025-02-21 22:43:30.936199] INFO: logInfo: Empty DataFrame
Columns: [type, date, shares, fill_price]
Index: []
[2025-02-21 22:43:32.543707] INFO: logInfo: code: 600000 all_pnl:0.0 win_rate:0.0 trade_count:0.0 unrealized_pnl:0.0 signal:-1
[2025-02-21 22:43:32.543935] INFO: logInfo: Empty DataFrame
Columns: [type, entry_date, exit_date, shares, pnl]
Index: []
[2025-02-21 22:43:32.544344] INFO: logInfo: Empty DataFrame
Columns: [type, date, shares, fill_price]
Index: []
[2025-02-21 22:43:33.507906] INFO: logInfo: code: 688256 all_pnl:0.0 win_rate:0.0 trade_count:0.0 unrealized_pnl:0.0 signal:-1
[2025-02-21 22:43:33.508161] INFO: logInfo: Empty DataFrame
Columns: [type, entry_date, exit_date, shares, pnl]
Index: []
[2025-02-21 22:43:33.508522] INFO: logInfo: Empty DataFrame
Columns: [type, date, shares, fill_price]
Index: []
[2025-02-21 22:43:34.694513] INFO: logInfo: code: 601818 all_pnl:12534.039999999994 win_rate:100.0 trade_count:1.0 unrealized_pnl:-650.6000000000058 signal:-1
[2025-02-21 22:43:34.694733] INFO: logInfo:     type entry_date  exit_date  shares       pnl
id                                              
1   long 2023-11-30 2025-01-02   12096  13184.64
[2025-02-21 22:43:34.696346] INFO: logInfo:     type       date  shares  fill_price
id                                     
1    buy 2023-11-30   12096        4.97
2   sell 2025-01-02   18602        6.06
[2025-02-21 22:43:36.714106] INFO: logInfo: code: 601127 all_pnl:0.0 win_rate:0.0 trade_count:0.0 unrealized_pnl:0.0 signal:-1
[2025-02-21 22:43:36.714310] INFO: logInfo: Empty DataFrame
Columns: [type, entry_date, exit_date, shares, pnl]
Index: []
[2025-02-21 22:43:36.714655] INFO: logInfo: Empty DataFrame
Columns: [type, date, shares, fill_price]
Index: []
[2025-02-21 22:43:37.397840] INFO: logInfo: code: 600919 all_pnl:16862.940000000002 win_rate:100.0 trade_count:1.0 unrealized_pnl:-2992.4999999999964 signal:-1
[2025-02-21 22:43:37.398073] INFO: logInfo:     type entry_date  exit_date  shares       pnl
id                                              
1   long 2023-11-14 2024-10-08    6072  19855.44
[2025-02-21 22:43:37.399705] INFO: logInfo:     type       date  shares  fill_price
id                                     
1    buy 2023-11-14    6072        9.88
2   sell 2024-10-08    9222       13.15
[2025-02-21 22:43:41.010451] INFO: logInfo: code: 300433 all_pnl:118542.45000000001 win_rate:100.0 trade_count:1.0 unrealized_pnl:1.4551915228366852e-11 signal:-1
[2025-02-21 22:43:41.010666] INFO: logInfo:     type entry_date  exit_date  shares        pnl
id                                               
1   long 2024-01-23 2025-02-06    1443  118542.45
[2025-02-21 22:43:41.012248] INFO: logInfo:     type       date  shares  fill_price
id                                     
1    buy 2024-01-23    1443       69.29
2   sell 2025-02-06    1443      151.44
[2025-02-21 22:43:41.354537] INFO: logInfo: code: 601229 all_pnl:0.0 win_rate:0.0 trade_count:0.0 unrealized_pnl:0.0 signal:-1
[2025-02-21 22:43:41.354753] INFO: logInfo: Empty DataFrame
Columns: [type, entry_date, exit_date, shares, pnl]
Index: []
[2025-02-21 22:43:41.355094] INFO: logInfo: Empty DataFrame
Columns: [type, date, shares, fill_price]
Index: []
[2025-02-21 22:43:42.199820] INFO: logInfo: code: 601169 all_pnl:0.0 win_rate:0.0 trade_count:0.0 unrealized_pnl:0.0 signal:-1
[2025-02-21 22:43:42.200046] INFO: logInfo: Empty DataFrame
Columns: [type, entry_date, exit_date, shares, pnl]
Index: []
[2025-02-21 22:43:42.200387] INFO: logInfo: Empty DataFrame
Columns: [type, date, shares, fill_price]
Index: []
[2025-02-21 22:43:44.153885] INFO: logInfo: code: 605499 all_pnl:30489.5 win_rate:100.0 trade_count:1.0 unrealized_pnl:0.0 signal:-1
[2025-02-21 22:43:44.154099] INFO: logInfo:     type entry_date  exit_date  shares      pnl
id                                             
1   long 2024-01-10 2024-09-30     340  30489.5
[2025-02-21 22:43:44.155692] INFO: logInfo:     type       date  shares  fill_price
id                                     
1    buy 2024-01-10     340      179.35
2   sell 2024-09-30     340      269.03
[2025-02-21 22:43:44.275372] INFO: logInfo: code: 600015 all_pnl:0.0 win_rate:0.0 trade_count:0.0 unrealized_pnl:0.0 signal:-1
[2025-02-21 22:43:44.275578] INFO: logInfo: Empty DataFrame
Columns: [type, entry_date, exit_date, shares, pnl]
Index: []
[2025-02-21 22:43:44.275917] INFO: logInfo: Empty DataFrame
Columns: [type, date, shares, fill_price]
Index: []
[2025-02-21 22:43:47.467533] INFO: logInfo: code: 300442 all_pnl:0.0 win_rate:0.0 trade_count:0.0 unrealized_pnl:0.0 signal:-1
[2025-02-21 22:43:47.467759] INFO: logInfo: Empty DataFrame
Columns: [type, entry_date, exit_date, shares, pnl]
Index: []
[2025-02-21 22:43:47.468105] INFO: logInfo: Empty DataFrame
Columns: [type, date, shares, fill_price]
Index: []
[2025-02-21 22:43:49.818899] INFO: logInfo: code: 300502 all_pnl:29950.990000000005 win_rate:100.0 trade_count:1.0 unrealized_pnl:3.637978807091713e-12 signal:-1
[2025-02-21 22:43:49.819133] INFO: logInfo:     type entry_date  exit_date  shares       pnl
id                                              
1   long 2023-11-02 2023-11-13     233  29950.99
[2025-02-21 22:43:49.821148] INFO: logInfo:     type       date  shares  fill_price
id                                     
1    buy 2023-11-02     233      257.09
2   sell 2023-11-13     233      385.64
[2025-02-21 22:43:50.485331] INFO: logInfo: code: 600418 all_pnl:0.0 win_rate:0.0 trade_count:0.0 unrealized_pnl:0.0 signal:-1
[2025-02-21 22:43:50.485560] INFO: logInfo: Empty DataFrame
Columns: [type, entry_date, exit_date, shares, pnl]
Index: []
[2025-02-21 22:43:50.485920] INFO: logInfo: Empty DataFrame
Columns: [type, date, shares, fill_price]
Index: []
[2025-02-21 22:43:51.751318] INFO: logInfo: code: 600183 all_pnl:31704.089999999997 win_rate:100.0 trade_count:1.0 unrealized_pnl:-3.637978807091713e-12 signal:-1
[2025-02-21 22:43:51.751584] INFO: logInfo:     type entry_date  exit_date  shares       pnl
id                                              
1   long 2024-09-19 2025-01-20     503  31704.09
[2025-02-21 22:43:51.753352] INFO: logInfo:     type       date  shares  fill_price
id                                     
1    buy 2024-09-19     503      119.06
2   sell 2025-01-20     503      182.09
[2025-02-21 22:43:53.100522] INFO: logInfo: code: 601825 all_pnl:0.0 win_rate:0.0 trade_count:0.0 unrealized_pnl:0.0 signal:-1
[2025-02-21 22:43:53.100755] INFO: logInfo: Empty DataFrame
Columns: [type, entry_date, exit_date, shares, pnl]
Index: []
[2025-02-21 22:43:53.101112] INFO: logInfo: Empty DataFrame
Columns: [type, date, shares, fill_price]
Index: []
[2025-02-21 22:43:55.191034] INFO: logInfo: code: 603893 all_pnl:0.0 win_rate:0.0 trade_count:0.0 unrealized_pnl:0.0 signal:-1
[2025-02-21 22:43:55.191254] INFO: logInfo: Empty DataFrame
Columns: [type, entry_date, exit_date, shares, pnl]
Index: []
[2025-02-21 22:43:55.191594] INFO: logInfo: Empty DataFrame
Columns: [type, date, shares, fill_price]
Index: []
[2025-02-21 22:43:55.854702] INFO: logInfo: code: 601077 all_pnl:0.0 win_rate:0.0 trade_count:0.0 unrealized_pnl:0.0 signal:-1
[2025-02-21 22:43:55.854938] INFO: logInfo: Empty DataFrame
Columns: [type, entry_date, exit_date, shares, pnl]
Index: []
[2025-02-21 22:43:55.855287] INFO: logInfo: Empty DataFrame
Columns: [type, date, shares, fill_price]
Index: []
[2025-02-21 22:43:55.985196] INFO: logInfo: code: 600415 all_pnl:0.0 win_rate:0.0 trade_count:0.0 unrealized_pnl:0.0 signal:-1
[2025-02-21 22:43:55.985434] INFO: logInfo: Empty DataFrame
Columns: [type, entry_date, exit_date, shares, pnl]
Index: []
[2025-02-21 22:43:55.985784] INFO: logInfo: Empty DataFrame
Columns: [type, date, shares, fill_price]
Index: []
[2025-02-21 22:43:58.451551] INFO: logInfo: code: 002028 all_pnl:0.0 win_rate:0.0 trade_count:0.0 unrealized_pnl:0.0 signal:-1
[2025-02-21 22:43:58.451771] INFO: logInfo: Empty DataFrame
Columns: [type, entry_date, exit_date, shares, pnl]
Index: []
[2025-02-21 22:43:58.452121] INFO: logInfo: Empty DataFrame
Columns: [type, date, shares, fill_price]
Index: []
[2025-02-21 22:43:59.811753] INFO: logInfo: code: 601298 all_pnl:0.0 win_rate:0.0 trade_count:0.0 unrealized_pnl:0.0 signal:-1
[2025-02-21 22:43:59.811987] INFO: logInfo: Empty DataFrame
Columns: [type, entry_date, exit_date, shares, pnl]
Index: []
[2025-02-21 22:43:59.812336] INFO: logInfo: Empty DataFrame
Columns: [type, date, shares, fill_price]
Index: []
[2025-02-21 22:43:59.935756] INFO: logInfo: code: 600066 all_pnl:0.0 win_rate:0.0 trade_count:0.0 unrealized_pnl:0.0 signal:-1
[2025-02-21 22:43:59.935977] INFO: logInfo: Empty DataFrame
Columns: [type, entry_date, exit_date, shares, pnl]
Index: []
[2025-02-21 22:43:59.936329] INFO: logInfo: Empty DataFrame
Columns: [type, date, shares, fill_price]
Index: []
[2025-02-21 22:44:04.018955] INFO: logInfo: code: 600350 all_pnl:0.0 win_rate:0.0 trade_count:0.0 unrealized_pnl:0.0 signal:-1
[2025-02-21 22:44:04.019192] INFO: logInfo: Empty DataFrame
Columns: [type, entry_date, exit_date, shares, pnl]
Index: []
[2025-02-21 22:44:04.019549] INFO: logInfo: Empty DataFrame
Columns: [type, date, shares, fill_price]
Index: []
[2025-02-21 22:44:04.452525] INFO: logInfo: 回测BOLL_RSI_V1指标结束~ 回测总计: 胜场81 负场:9 总收益1952005.5899999999
[2025-02-21 22:44:04.452683] INFO: logInfo: 开始回测BOLL_RSI指标~
[2025-02-21 22:44:04.743407] INFO: logInfo: code: 601939 all_pnl:0.0 win_rate:0.0 trade_count:0.0 unrealized_pnl:0.0 signal:-1
[2025-02-21 22:44:04.743637] INFO: logInfo: Empty DataFrame
Columns: [type, entry_date, exit_date, shares, pnl]
Index: []
[2025-02-21 22:44:04.744000] INFO: logInfo: Empty DataFrame
Columns: [type, date, shares, fill_price]
Index: []
[2025-02-21 22:44:04.950738] INFO: logInfo: code: 601288 all_pnl:0.0 win_rate:0.0 trade_count:0.0 unrealized_pnl:0.0 signal:-1
[2025-02-21 22:44:04.950963] INFO: logInfo: Empty DataFrame
Columns: [type, entry_date, exit_date, shares, pnl]
Index: []
[2025-02-21 22:44:04.951308] INFO: logInfo: Empty DataFrame
Columns: [type, date, shares, fill_price]
Index: []
[2025-02-21 22:44:05.071906] INFO: logInfo: code: 601988 all_pnl:0.0 win_rate:0.0 trade_count:0.0 unrealized_pnl:0.0 signal:-1
[2025-02-21 22:44:05.072120] INFO: logInfo: Empty DataFrame
Columns: [type, entry_date, exit_date, shares, pnl]
Index: []
[2025-02-21 22:44:05.072454] INFO: logInfo: Empty DataFrame
Columns: [type, date, shares, fill_price]
Index: []
[2025-02-21 22:44:06.080528] INFO: logInfo: code: 688981 all_pnl:101297.29999999999 win_rate:100.0 trade_count:1.0 unrealized_pnl:-1.4551915228366852e-11 signal:-1
[2025-02-21 22:44:06.080752] INFO: logInfo:     type entry_date  exit_date  shares       pnl
id                                              
1   long 2024-09-18 2024-11-01    2326  101297.3
[2025-02-21 22:44:06.082383] INFO: logInfo:     type       date  shares  fill_price
id                                     
1    buy 2024-09-18    2326       42.98
2   sell 2024-11-01    2326       86.53
[2025-02-21 22:44:06.693138] INFO: logInfo: code: 601328 all_pnl:0.0 win_rate:0.0 trade_count:0.0 unrealized_pnl:0.0 signal:-1
[2025-02-21 22:44:06.693381] INFO: logInfo: Empty DataFrame
Columns: [type, entry_date, exit_date, shares, pnl]
Index: []
[2025-02-21 22:44:06.693743] INFO: logInfo: Empty DataFrame
Columns: [type, date, shares, fill_price]
Index: []
[2025-02-21 22:44:08.398098] INFO: logInfo: code: 600000 all_pnl:0.0 win_rate:0.0 trade_count:0.0 unrealized_pnl:0.0 signal:-1
[2025-02-21 22:44:08.398317] INFO: logInfo: Empty DataFrame
Columns: [type, entry_date, exit_date, shares, pnl]
Index: []
[2025-02-21 22:44:08.398663] INFO: logInfo: Empty DataFrame
Columns: [type, date, shares, fill_price]
Index: []
[2025-02-21 22:44:09.261159] INFO: logInfo: code: 688256 all_pnl:0.0 win_rate:0.0 trade_count:0.0 unrealized_pnl:0.0 signal:-1
[2025-02-21 22:44:09.261380] INFO: logInfo: Empty DataFrame
Columns: [type, entry_date, exit_date, shares, pnl]
Index: []
[2025-02-21 22:44:09.261733] INFO: logInfo: Empty DataFrame
Columns: [type, date, shares, fill_price]
Index: []
[2025-02-21 22:44:10.329104] INFO: logInfo: code: 601818 all_pnl:0.0 win_rate:0.0 trade_count:0.0 unrealized_pnl:0.0 signal:-1
[2025-02-21 22:44:10.329368] INFO: logInfo: Empty DataFrame
Columns: [type, entry_date, exit_date, shares, pnl]
Index: []
[2025-02-21 22:44:10.329711] INFO: logInfo: Empty DataFrame
Columns: [type, date, shares, fill_price]
Index: []
[2025-02-21 22:44:12.161211] INFO: logInfo: code: 601127 all_pnl:0.0 win_rate:0.0 trade_count:0.0 unrealized_pnl:0.0 signal:-1
[2025-02-21 22:44:12.161972] INFO: logInfo: Empty DataFrame
Columns: [type, entry_date, exit_date, shares, pnl]
Index: []
[2025-02-21 22:44:12.162368] INFO: logInfo: Empty DataFrame
Columns: [type, date, shares, fill_price]
Index: []
[2025-02-21 22:44:12.899965] INFO: logInfo: code: 600919 all_pnl:0.0 win_rate:0.0 trade_count:0.0 unrealized_pnl:0.0 signal:-1
[2025-02-21 22:44:12.900186] INFO: logInfo: Empty DataFrame
Columns: [type, entry_date, exit_date, shares, pnl]
Index: []
[2025-02-21 22:44:12.900547] INFO: logInfo: Empty DataFrame
Columns: [type, date, shares, fill_price]
Index: []
[2025-02-21 22:44:16.135651] INFO: logInfo: code: 300433 all_pnl:0.0 win_rate:0.0 trade_count:0.0 unrealized_pnl:0.0 signal:-1
[2025-02-21 22:44:16.135880] INFO: logInfo: Empty DataFrame
Columns: [type, entry_date, exit_date, shares, pnl]
Index: []
[2025-02-21 22:44:16.136217] INFO: logInfo: Empty DataFrame
Columns: [type, date, shares, fill_price]
Index: []
[2025-02-21 22:44:16.491616] INFO: logInfo: code: 601229 all_pnl:0.0 win_rate:0.0 trade_count:0.0 unrealized_pnl:0.0 signal:-1
[2025-02-21 22:44:16.491834] INFO: logInfo: Empty DataFrame
Columns: [type, entry_date, exit_date, shares, pnl]
Index: []
[2025-02-21 22:44:16.492179] INFO: logInfo: Empty DataFrame
Columns: [type, date, shares, fill_price]
Index: []
[2025-02-21 22:44:17.355078] INFO: logInfo: code: 601169 all_pnl:0.0 win_rate:0.0 trade_count:0.0 unrealized_pnl:0.0 signal:-1
[2025-02-21 22:44:17.355296] INFO: logInfo: Empty DataFrame
Columns: [type, entry_date, exit_date, shares, pnl]
Index: []
[2025-02-21 22:44:17.355635] INFO: logInfo: Empty DataFrame
Columns: [type, date, shares, fill_price]
Index: []
[2025-02-21 22:44:19.297307] INFO: logInfo: code: 605499 all_pnl:0.0 win_rate:0.0 trade_count:0.0 unrealized_pnl:0.0 signal:-1
[2025-02-21 22:44:19.297524] INFO: logInfo: Empty DataFrame
Columns: [type, entry_date, exit_date, shares, pnl]
Index: []
[2025-02-21 22:44:19.297867] INFO: logInfo: Empty DataFrame
Columns: [type, date, shares, fill_price]
Index: []
[2025-02-21 22:44:19.433950] INFO: logInfo: code: 600015 all_pnl:0.0 win_rate:0.0 trade_count:0.0 unrealized_pnl:0.0 signal:-1
[2025-02-21 22:44:19.434181] INFO: logInfo: Empty DataFrame
Columns: [type, entry_date, exit_date, shares, pnl]
Index: []
[2025-02-21 22:44:19.434698] INFO: logInfo: Empty DataFrame
Columns: [type, date, shares, fill_price]
Index: []
[2025-02-21 22:44:22.465350] INFO: logInfo: code: 300442 all_pnl:0.0 win_rate:0.0 trade_count:0.0 unrealized_pnl:0.0 signal:-1
[2025-02-21 22:44:22.465558] INFO: logInfo: Empty DataFrame
Columns: [type, entry_date, exit_date, shares, pnl]
Index: []
[2025-02-21 22:44:22.465889] INFO: logInfo: Empty DataFrame
Columns: [type, date, shares, fill_price]
Index: []
[2025-02-21 22:44:24.878950] INFO: logInfo: code: 300502 all_pnl:0.0 win_rate:0.0 trade_count:0.0 unrealized_pnl:0.0 signal:-1
[2025-02-21 22:44:24.879194] INFO: logInfo: Empty DataFrame
Columns: [type, entry_date, exit_date, shares, pnl]
Index: []
[2025-02-21 22:44:24.879561] INFO: logInfo: Empty DataFrame
Columns: [type, date, shares, fill_price]
Index: []
[2025-02-21 22:44:25.450399] INFO: logInfo: code: 600418 all_pnl:0.0 win_rate:0.0 trade_count:0.0 unrealized_pnl:0.0 signal:-1
[2025-02-21 22:44:25.450657] INFO: logInfo: Empty DataFrame
Columns: [type, entry_date, exit_date, shares, pnl]
Index: []
[2025-02-21 22:44:25.451055] INFO: logInfo: Empty DataFrame
Columns: [type, date, shares, fill_price]
Index: []
[2025-02-21 22:44:26.735187] INFO: logInfo: code: 600183 all_pnl:0.0 win_rate:0.0 trade_count:0.0 unrealized_pnl:0.0 signal:-1
[2025-02-21 22:44:26.735998] INFO: logInfo: Empty DataFrame
Columns: [type, entry_date, exit_date, shares, pnl]
Index: []
[2025-02-21 22:44:26.736440] INFO: logInfo: Empty DataFrame
Columns: [type, date, shares, fill_price]
Index: []
[2025-02-21 22:44:28.037204] INFO: logInfo: code: 601825 all_pnl:0.0 win_rate:0.0 trade_count:0.0 unrealized_pnl:0.0 signal:-1
[2025-02-21 22:44:28.037428] INFO: logInfo: Empty DataFrame
Columns: [type, entry_date, exit_date, shares, pnl]
Index: []
[2025-02-21 22:44:28.037805] INFO: logInfo: Empty DataFrame
Columns: [type, date, shares, fill_price]
Index: []
[2025-02-21 22:44:30.035832] INFO: logInfo: code: 603893 all_pnl:0.0 win_rate:0.0 trade_count:0.0 unrealized_pnl:0.0 signal:-1
[2025-02-21 22:44:30.036060] INFO: logInfo: Empty DataFrame
Columns: [type, entry_date, exit_date, shares, pnl]
Index: []
[2025-02-21 22:44:30.036400] INFO: logInfo: Empty DataFrame
Columns: [type, date, shares, fill_price]
Index: []
[2025-02-21 22:44:30.659745] INFO: logInfo: code: 601077 all_pnl:0.0 win_rate:0.0 trade_count:0.0 unrealized_pnl:0.0 signal:-1
[2025-02-21 22:44:30.659975] INFO: logInfo: Empty DataFrame
Columns: [type, entry_date, exit_date, shares, pnl]
Index: []
[2025-02-21 22:44:30.660338] INFO: logInfo: Empty DataFrame
Columns: [type, date, shares, fill_price]
Index: []
[2025-02-21 22:44:30.795609] INFO: logInfo: code: 600415 all_pnl:0.0 win_rate:0.0 trade_count:0.0 unrealized_pnl:0.0 signal:-1
[2025-02-21 22:44:30.795827] INFO: logInfo: Empty DataFrame
Columns: [type, entry_date, exit_date, shares, pnl]
Index: []
[2025-02-21 22:44:30.796172] INFO: logInfo: Empty DataFrame
Columns: [type, date, shares, fill_price]
Index: []
[2025-02-21 22:44:33.294906] INFO: logInfo: code: 002028 all_pnl:0.0 win_rate:0.0 trade_count:0.0 unrealized_pnl:0.0 signal:-1
[2025-02-21 22:44:33.295134] INFO: logInfo: Empty DataFrame
Columns: [type, entry_date, exit_date, shares, pnl]
Index: []
[2025-02-21 22:44:33.295484] INFO: logInfo: Empty DataFrame
Columns: [type, date, shares, fill_price]
Index: []
[2025-02-21 22:44:34.601641] INFO: logInfo: code: 601298 all_pnl:0.0 win_rate:0.0 trade_count:0.0 unrealized_pnl:0.0 signal:-1
[2025-02-21 22:44:34.601862] INFO: logInfo: Empty DataFrame
Columns: [type, entry_date, exit_date, shares, pnl]
Index: []
[2025-02-21 22:44:34.602203] INFO: logInfo: Empty DataFrame
Columns: [type, date, shares, fill_price]
Index: []
[2025-02-21 22:44:34.741546] INFO: logInfo: code: 600066 all_pnl:0.0 win_rate:0.0 trade_count:0.0 unrealized_pnl:0.0 signal:-1
[2025-02-21 22:44:34.741765] INFO: logInfo: Empty DataFrame
Columns: [type, entry_date, exit_date, shares, pnl]
Index: []
[2025-02-21 22:44:34.742145] INFO: logInfo: Empty DataFrame
Columns: [type, date, shares, fill_price]
Index: []
[2025-02-21 22:44:38.480681] INFO: logInfo: code: 600350 all_pnl:0.0 win_rate:0.0 trade_count:0.0 unrealized_pnl:0.0 signal:-1
[2025-02-21 22:44:38.480893] INFO: logInfo: Empty DataFrame
Columns: [type, entry_date, exit_date, shares, pnl]
Index: []
[2025-02-21 22:44:38.481225] INFO: logInfo: Empty DataFrame
Columns: [type, date, shares, fill_price]
Index: []
[2025-02-21 22:44:38.891022] INFO: logInfo: 回测BOLL_RSI指标结束~ 回测总计: 胜场32 负场:1 总收益1465548.4
[2025-02-21 22:44:38.891128] INFO: logInfo: 开始回测MACD指标~
[2025-02-21 22:44:38.891150] INFO: logInfo: 回测MACD指标结束~
[2025-02-22 00:00:00.224578] INFO: logInfo: 开始回测BOLL_RSI_V1指标~
[2025-02-22 00:00:05.065146] INFO: logInfo: code: 601939 all_pnl:0.0 win_rate:0.0 trade_count:0.0 unrealized_pnl:0.0 signal:-1
[2025-02-22 00:00:05.065357] INFO: logInfo: Empty DataFrame
Columns: [type, entry_date, exit_date, shares, pnl]
Index: []
[2025-02-22 00:00:05.066977] INFO: logInfo: Empty DataFrame
Columns: [type, date, shares, fill_price]
Index: []
[2025-02-22 00:00:05.331546] INFO: logInfo: code: 601288 all_pnl:0.0 win_rate:0.0 trade_count:0.0 unrealized_pnl:0.0 signal:-1
[2025-02-22 00:00:05.331792] INFO: logInfo: Empty DataFrame
Columns: [type, entry_date, exit_date, shares, pnl]
Index: []
[2025-02-22 00:00:05.332253] INFO: logInfo: Empty DataFrame
Columns: [type, date, shares, fill_price]
Index: []
[2025-02-22 00:00:05.452497] INFO: logInfo: code: 601988 all_pnl:0.0 win_rate:0.0 trade_count:0.0 unrealized_pnl:0.0 signal:-1
[2025-02-22 00:00:05.452737] INFO: logInfo: Empty DataFrame
Columns: [type, entry_date, exit_date, shares, pnl]
Index: []
[2025-02-22 00:00:05.453096] INFO: logInfo: Empty DataFrame
Columns: [type, date, shares, fill_price]
Index: []
[2025-02-22 00:00:06.519081] INFO: logInfo: code: 688981 all_pnl:29699.619999999995 win_rate:100.0 trade_count:1.0 unrealized_pnl:-3.637978807091713e-12 signal:-1
[2025-02-22 00:00:06.519792] INFO: logInfo:     type entry_date  exit_date  shares       pnl
id                                              
1   long 2024-01-10 2024-10-08    1238  29699.62
[2025-02-22 00:00:06.521668] INFO: logInfo:     type       date  shares  fill_price
id                                     
1    buy 2024-01-10    1238       47.98
2   sell 2024-10-08    1238       71.97
[2025-02-22 00:00:07.148881] INFO: logInfo: code: 601328 all_pnl:0.0 win_rate:0.0 trade_count:0.0 unrealized_pnl:0.0 signal:-1
[2025-02-22 00:00:07.149090] INFO: logInfo: Empty DataFrame
Columns: [type, entry_date, exit_date, shares, pnl]
Index: []
[2025-02-22 00:00:07.149477] INFO: logInfo: Empty DataFrame
Columns: [type, date, shares, fill_price]
Index: []
[2025-02-22 00:00:08.925027] INFO: logInfo: code: 600000 all_pnl:0.0 win_rate:0.0 trade_count:0.0 unrealized_pnl:0.0 signal:-1
[2025-02-22 00:00:08.925248] INFO: logInfo: Empty DataFrame
Columns: [type, entry_date, exit_date, shares, pnl]
Index: []
[2025-02-22 00:00:08.925608] INFO: logInfo: Empty DataFrame
Columns: [type, date, shares, fill_price]
Index: []
[2025-02-22 00:00:10.019807] INFO: logInfo: code: 688256 all_pnl:0.0 win_rate:0.0 trade_count:0.0 unrealized_pnl:0.0 signal:-1
[2025-02-22 00:00:10.020040] INFO: logInfo: Empty DataFrame
Columns: [type, entry_date, exit_date, shares, pnl]
Index: []
[2025-02-22 00:00:10.020432] INFO: logInfo: Empty DataFrame
Columns: [type, date, shares, fill_price]
Index: []
[2025-02-22 00:00:11.265134] INFO: logInfo: code: 601818 all_pnl:12534.039999999994 win_rate:100.0 trade_count:1.0 unrealized_pnl:-650.6000000000058 signal:-1
[2025-02-22 00:00:11.265379] INFO: logInfo:     type entry_date  exit_date  shares       pnl
id                                              
1   long 2023-11-30 2025-01-02   12096  13184.64
[2025-02-22 00:00:11.267165] INFO: logInfo:     type       date  shares  fill_price
id                                     
1    buy 2023-11-30   12096        4.97
2   sell 2025-01-02   18602        6.06
[2025-02-22 00:00:13.449191] INFO: logInfo: code: 601127 all_pnl:0.0 win_rate:0.0 trade_count:0.0 unrealized_pnl:0.0 signal:-1
[2025-02-22 00:00:13.449418] INFO: logInfo: Empty DataFrame
Columns: [type, entry_date, exit_date, shares, pnl]
Index: []
[2025-02-22 00:00:13.449763] INFO: logInfo: Empty DataFrame
Columns: [type, date, shares, fill_price]
Index: []
[2025-02-22 00:00:14.216613] INFO: logInfo: code: 600919 all_pnl:16862.940000000002 win_rate:100.0 trade_count:1.0 unrealized_pnl:-2992.4999999999964 signal:-1
[2025-02-22 00:00:14.216859] INFO: logInfo:     type entry_date  exit_date  shares       pnl
id                                              
1   long 2023-11-14 2024-10-08    6072  19855.44
[2025-02-22 00:00:14.218485] INFO: logInfo:     type       date  shares  fill_price
id                                     
1    buy 2023-11-14    6072        9.88
2   sell 2024-10-08    9222       13.15
[2025-02-22 00:00:17.927910] INFO: logInfo: code: 300433 all_pnl:118542.45000000001 win_rate:100.0 trade_count:1.0 unrealized_pnl:1.4551915228366852e-11 signal:-1
[2025-02-22 00:00:17.928125] INFO: logInfo:     type entry_date  exit_date  shares        pnl
id                                               
1   long 2024-01-23 2025-02-06    1443  118542.45
[2025-02-22 00:00:17.929694] INFO: logInfo:     type       date  shares  fill_price
id                                     
1    buy 2024-01-23    1443       69.29
2   sell 2025-02-06    1443      151.44
[2025-02-22 00:00:18.282587] INFO: logInfo: code: 601229 all_pnl:0.0 win_rate:0.0 trade_count:0.0 unrealized_pnl:0.0 signal:-1
[2025-02-22 00:00:18.282781] INFO: logInfo: Empty DataFrame
Columns: [type, entry_date, exit_date, shares, pnl]
Index: []
[2025-02-22 00:00:18.283096] INFO: logInfo: Empty DataFrame
Columns: [type, date, shares, fill_price]
Index: []
[2025-02-22 00:00:19.460744] INFO: logInfo: code: 601169 all_pnl:0.0 win_rate:0.0 trade_count:0.0 unrealized_pnl:0.0 signal:-1
[2025-02-22 00:00:19.460943] INFO: logInfo: Empty DataFrame
Columns: [type, entry_date, exit_date, shares, pnl]
Index: []
[2025-02-22 00:00:19.461263] INFO: logInfo: Empty DataFrame
Columns: [type, date, shares, fill_price]
Index: []
[2025-02-22 00:00:21.532776] INFO: logInfo: code: 605499 all_pnl:30489.5 win_rate:100.0 trade_count:1.0 unrealized_pnl:0.0 signal:-1
[2025-02-22 00:00:21.532986] INFO: logInfo:     type entry_date  exit_date  shares      pnl
id                                             
1   long 2024-01-10 2024-09-30     340  30489.5
[2025-02-22 00:00:21.534570] INFO: logInfo:     type       date  shares  fill_price
id                                     
1    buy 2024-01-10     340      179.35
2   sell 2024-09-30     340      269.03
[2025-02-22 00:00:21.670755] INFO: logInfo: code: 600015 all_pnl:0.0 win_rate:0.0 trade_count:0.0 unrealized_pnl:0.0 signal:-1
[2025-02-22 00:00:21.670955] INFO: logInfo: Empty DataFrame
Columns: [type, entry_date, exit_date, shares, pnl]
Index: []
[2025-02-22 00:00:21.671275] INFO: logInfo: Empty DataFrame
Columns: [type, date, shares, fill_price]
Index: []
[2025-02-22 00:00:25.213091] INFO: logInfo: code: 300442 all_pnl:0.0 win_rate:0.0 trade_count:0.0 unrealized_pnl:0.0 signal:-1
[2025-02-22 00:00:25.213294] INFO: logInfo: Empty DataFrame
Columns: [type, entry_date, exit_date, shares, pnl]
Index: []
[2025-02-22 00:00:25.213613] INFO: logInfo: Empty DataFrame
Columns: [type, date, shares, fill_price]
Index: []
[2025-02-22 00:00:27.601745] INFO: logInfo: code: 300502 all_pnl:29950.990000000005 win_rate:100.0 trade_count:1.0 unrealized_pnl:3.637978807091713e-12 signal:-1
[2025-02-22 00:00:27.601963] INFO: logInfo:     type entry_date  exit_date  shares       pnl
id                                              
1   long 2023-11-02 2023-11-13     233  29950.99
[2025-02-22 00:00:27.603530] INFO: logInfo:     type       date  shares  fill_price
id                                     
1    buy 2023-11-02     233      257.09
2   sell 2023-11-13     233      385.64
[2025-02-22 00:00:28.309317] INFO: logInfo: code: 600418 all_pnl:0.0 win_rate:0.0 trade_count:0.0 unrealized_pnl:0.0 signal:-1
[2025-02-22 00:00:28.309527] INFO: logInfo: Empty DataFrame
Columns: [type, entry_date, exit_date, shares, pnl]
Index: []
[2025-02-22 00:00:28.309851] INFO: logInfo: Empty DataFrame
Columns: [type, date, shares, fill_price]
Index: []
[2025-02-22 00:00:29.633308] INFO: logInfo: code: 600183 all_pnl:31704.089999999997 win_rate:100.0 trade_count:1.0 unrealized_pnl:-3.637978807091713e-12 signal:-1
[2025-02-22 00:00:29.634366] INFO: logInfo:     type entry_date  exit_date  shares       pnl
id                                              
1   long 2024-09-19 2025-01-20     503  31704.09
[2025-02-22 00:00:29.636802] INFO: logInfo:     type       date  shares  fill_price
id                                     
1    buy 2024-09-19     503      119.06
2   sell 2025-01-20     503      182.09
[2025-02-22 00:00:31.048549] INFO: logInfo: code: 601825 all_pnl:0.0 win_rate:0.0 trade_count:0.0 unrealized_pnl:0.0 signal:-1
[2025-02-22 00:00:31.048757] INFO: logInfo: Empty DataFrame
Columns: [type, entry_date, exit_date, shares, pnl]
Index: []
[2025-02-22 00:00:31.049091] INFO: logInfo: Empty DataFrame
Columns: [type, date, shares, fill_price]
Index: []
[2025-02-22 00:00:33.387610] INFO: logInfo: code: 603893 all_pnl:0.0 win_rate:0.0 trade_count:0.0 unrealized_pnl:0.0 signal:-1
[2025-02-22 00:00:33.387826] INFO: logInfo: Empty DataFrame
Columns: [type, entry_date, exit_date, shares, pnl]
Index: []
[2025-02-22 00:00:33.388156] INFO: logInfo: Empty DataFrame
Columns: [type, date, shares, fill_price]
Index: []
[2025-02-22 00:00:34.074962] INFO: logInfo: code: 601077 all_pnl:0.0 win_rate:0.0 trade_count:0.0 unrealized_pnl:0.0 signal:-1
[2025-02-22 00:00:34.075181] INFO: logInfo: Empty DataFrame
Columns: [type, entry_date, exit_date, shares, pnl]
Index: []
[2025-02-22 00:00:34.075519] INFO: logInfo: Empty DataFrame
Columns: [type, date, shares, fill_price]
Index: []
[2025-02-22 00:00:34.200139] INFO: logInfo: code: 600415 all_pnl:0.0 win_rate:0.0 trade_count:0.0 unrealized_pnl:0.0 signal:-1
[2025-02-22 00:00:34.200370] INFO: logInfo: Empty DataFrame
Columns: [type, entry_date, exit_date, shares, pnl]
Index: []
[2025-02-22 00:00:34.200714] INFO: logInfo: Empty DataFrame
Columns: [type, date, shares, fill_price]
Index: []
[2025-02-22 00:00:37.002092] INFO: logInfo: code: 002028 all_pnl:0.0 win_rate:0.0 trade_count:0.0 unrealized_pnl:0.0 signal:-1
[2025-02-22 00:00:37.003232] INFO: logInfo: Empty DataFrame
Columns: [type, entry_date, exit_date, shares, pnl]
Index: []
[2025-02-22 00:00:37.003584] INFO: logInfo: Empty DataFrame
Columns: [type, date, shares, fill_price]
Index: []
[2025-02-22 00:00:38.441567] INFO: logInfo: code: 601298 all_pnl:0.0 win_rate:0.0 trade_count:0.0 unrealized_pnl:0.0 signal:-1
[2025-02-22 00:00:38.441828] INFO: logInfo: Empty DataFrame
Columns: [type, entry_date, exit_date, shares, pnl]
Index: []
[2025-02-22 00:00:38.442179] INFO: logInfo: Empty DataFrame
Columns: [type, date, shares, fill_price]
Index: []
[2025-02-22 00:00:38.579679] INFO: logInfo: code: 600066 all_pnl:0.0 win_rate:0.0 trade_count:0.0 unrealized_pnl:0.0 signal:-1
[2025-02-22 00:00:38.579877] INFO: logInfo: Empty DataFrame
Columns: [type, entry_date, exit_date, shares, pnl]
Index: []
[2025-02-22 00:00:38.580198] INFO: logInfo: Empty DataFrame
Columns: [type, date, shares, fill_price]
Index: []
[2025-02-22 00:00:42.987034] INFO: logInfo: code: 600350 all_pnl:0.0 win_rate:0.0 trade_count:0.0 unrealized_pnl:0.0 signal:-1
[2025-02-22 00:00:42.987454] INFO: logInfo: Empty DataFrame
Columns: [type, entry_date, exit_date, shares, pnl]
Index: []
[2025-02-22 00:00:42.987850] INFO: logInfo: Empty DataFrame
Columns: [type, date, shares, fill_price]
Index: []
[2025-02-22 00:00:43.368087] INFO: logInfo: 回测BOLL_RSI_V1指标结束~ 回测总计: 胜场81 负场:9 总收益1952005.5899999999
[2025-02-22 00:00:43.368221] INFO: logInfo: 开始回测BOLL_RSI指标~
[2025-02-22 00:00:43.658620] INFO: logInfo: code: 601939 all_pnl:0.0 win_rate:0.0 trade_count:0.0 unrealized_pnl:0.0 signal:-1
[2025-02-22 00:00:43.658824] INFO: logInfo: Empty DataFrame
Columns: [type, entry_date, exit_date, shares, pnl]
Index: []
[2025-02-22 00:00:43.659166] INFO: logInfo: Empty DataFrame
Columns: [type, date, shares, fill_price]
Index: []
[2025-02-22 00:00:43.914824] INFO: logInfo: code: 601288 all_pnl:0.0 win_rate:0.0 trade_count:0.0 unrealized_pnl:0.0 signal:-1
[2025-02-22 00:00:43.915066] INFO: logInfo: Empty DataFrame
Columns: [type, entry_date, exit_date, shares, pnl]
Index: []
[2025-02-22 00:00:43.915408] INFO: logInfo: Empty DataFrame
Columns: [type, date, shares, fill_price]
Index: []
[2025-02-22 00:00:44.055780] INFO: logInfo: code: 601988 all_pnl:0.0 win_rate:0.0 trade_count:0.0 unrealized_pnl:0.0 signal:-1
[2025-02-22 00:00:44.055997] INFO: logInfo: Empty DataFrame
Columns: [type, entry_date, exit_date, shares, pnl]
Index: []
[2025-02-22 00:00:44.056343] INFO: logInfo: Empty DataFrame
Columns: [type, date, shares, fill_price]
Index: []
[2025-02-22 00:00:45.097244] INFO: logInfo: code: 688981 all_pnl:101297.29999999999 win_rate:100.0 trade_count:1.0 unrealized_pnl:-1.4551915228366852e-11 signal:-1
[2025-02-22 00:00:45.097627] INFO: logInfo:     type entry_date  exit_date  shares       pnl
id                                              
1   long 2024-09-18 2024-11-01    2326  101297.3
[2025-02-22 00:00:45.099336] INFO: logInfo:     type       date  shares  fill_price
id                                     
1    buy 2024-09-18    2326       42.98
2   sell 2024-11-01    2326       86.53
[2025-02-22 00:00:45.798263] INFO: logInfo: code: 601328 all_pnl:0.0 win_rate:0.0 trade_count:0.0 unrealized_pnl:0.0 signal:-1
[2025-02-22 00:00:45.798482] INFO: logInfo: Empty DataFrame
Columns: [type, entry_date, exit_date, shares, pnl]
Index: []
[2025-02-22 00:00:45.798822] INFO: logInfo: Empty DataFrame
Columns: [type, date, shares, fill_price]
Index: []
[2025-02-22 00:00:47.510185] INFO: logInfo: code: 600000 all_pnl:0.0 win_rate:0.0 trade_count:0.0 unrealized_pnl:0.0 signal:-1
[2025-02-22 00:00:47.510397] INFO: logInfo: Empty DataFrame
Columns: [type, entry_date, exit_date, shares, pnl]
Index: []
[2025-02-22 00:00:47.510724] INFO: logInfo: Empty DataFrame
Columns: [type, date, shares, fill_price]
Index: []
[2025-02-22 00:00:48.543756] INFO: logInfo: code: 688256 all_pnl:0.0 win_rate:0.0 trade_count:0.0 unrealized_pnl:0.0 signal:-1
[2025-02-22 00:00:48.543977] INFO: logInfo: Empty DataFrame
Columns: [type, entry_date, exit_date, shares, pnl]
Index: []
[2025-02-22 00:00:48.544319] INFO: logInfo: Empty DataFrame
Columns: [type, date, shares, fill_price]
Index: []
[2025-02-22 00:00:49.886797] INFO: logInfo: code: 601818 all_pnl:0.0 win_rate:0.0 trade_count:0.0 unrealized_pnl:0.0 signal:-1
[2025-02-22 00:00:49.887019] INFO: logInfo: Empty DataFrame
Columns: [type, entry_date, exit_date, shares, pnl]
Index: []
[2025-02-22 00:00:49.887340] INFO: logInfo: Empty DataFrame
Columns: [type, date, shares, fill_price]
Index: []
[2025-02-22 00:00:52.061160] INFO: logInfo: code: 601127 all_pnl:0.0 win_rate:0.0 trade_count:0.0 unrealized_pnl:0.0 signal:-1
[2025-02-22 00:00:52.061427] INFO: logInfo: Empty DataFrame
Columns: [type, entry_date, exit_date, shares, pnl]
Index: []
[2025-02-22 00:00:52.061773] INFO: logInfo: Empty DataFrame
Columns: [type, date, shares, fill_price]
Index: []
[2025-02-22 00:00:52.753243] INFO: logInfo: code: 600919 all_pnl:0.0 win_rate:0.0 trade_count:0.0 unrealized_pnl:0.0 signal:-1
[2025-02-22 00:00:52.753472] INFO: logInfo: Empty DataFrame
Columns: [type, entry_date, exit_date, shares, pnl]
Index: []
[2025-02-22 00:00:52.753805] INFO: logInfo: Empty DataFrame
Columns: [type, date, shares, fill_price]
Index: []
[2025-02-22 00:00:56.192632] INFO: logInfo: code: 300433 all_pnl:0.0 win_rate:0.0 trade_count:0.0 unrealized_pnl:0.0 signal:-1
[2025-02-22 00:00:56.192836] INFO: logInfo: Empty DataFrame
Columns: [type, entry_date, exit_date, shares, pnl]
Index: []
[2025-02-22 00:00:56.193151] INFO: logInfo: Empty DataFrame
Columns: [type, date, shares, fill_price]
Index: []
[2025-02-22 00:00:56.569033] INFO: logInfo: code: 601229 all_pnl:0.0 win_rate:0.0 trade_count:0.0 unrealized_pnl:0.0 signal:-1
[2025-02-22 00:00:56.569238] INFO: logInfo: Empty DataFrame
Columns: [type, entry_date, exit_date, shares, pnl]
Index: []
[2025-02-22 00:00:56.569558] INFO: logInfo: Empty DataFrame
Columns: [type, date, shares, fill_price]
Index: []
[2025-02-22 00:00:57.448636] INFO: logInfo: code: 601169 all_pnl:0.0 win_rate:0.0 trade_count:0.0 unrealized_pnl:0.0 signal:-1
[2025-02-22 00:00:57.448853] INFO: logInfo: Empty DataFrame
Columns: [type, entry_date, exit_date, shares, pnl]
Index: []
[2025-02-22 00:00:57.449187] INFO: logInfo: Empty DataFrame
Columns: [type, date, shares, fill_price]
Index: []
[2025-02-22 00:00:59.417832] INFO: logInfo: code: 605499 all_pnl:0.0 win_rate:0.0 trade_count:0.0 unrealized_pnl:0.0 signal:-1
[2025-02-22 00:00:59.418586] INFO: logInfo: Empty DataFrame
Columns: [type, entry_date, exit_date, shares, pnl]
Index: []
[2025-02-22 00:00:59.418975] INFO: logInfo: Empty DataFrame
Columns: [type, date, shares, fill_price]
Index: []
[2025-02-22 00:00:59.544350] INFO: logInfo: code: 600015 all_pnl:0.0 win_rate:0.0 trade_count:0.0 unrealized_pnl:0.0 signal:-1
[2025-02-22 00:00:59.544597] INFO: logInfo: Empty DataFrame
Columns: [type, entry_date, exit_date, shares, pnl]
Index: []
[2025-02-22 00:00:59.544944] INFO: logInfo: Empty DataFrame
Columns: [type, date, shares, fill_price]
Index: []
[2025-02-22 00:01:02.725438] INFO: logInfo: code: 300442 all_pnl:0.0 win_rate:0.0 trade_count:0.0 unrealized_pnl:0.0 signal:-1
[2025-02-22 00:01:02.725661] INFO: logInfo: Empty DataFrame
Columns: [type, entry_date, exit_date, shares, pnl]
Index: []
[2025-02-22 00:01:02.726002] INFO: logInfo: Empty DataFrame
Columns: [type, date, shares, fill_price]
Index: []
[2025-02-22 00:01:05.090780] INFO: logInfo: code: 300502 all_pnl:0.0 win_rate:0.0 trade_count:0.0 unrealized_pnl:0.0 signal:-1
[2025-02-22 00:01:05.091008] INFO: logInfo: Empty DataFrame
Columns: [type, entry_date, exit_date, shares, pnl]
Index: []
[2025-02-22 00:01:05.091349] INFO: logInfo: Empty DataFrame
Columns: [type, date, shares, fill_price]
Index: []
[2025-02-22 00:01:05.770254] INFO: logInfo: code: 600418 all_pnl:0.0 win_rate:0.0 trade_count:0.0 unrealized_pnl:0.0 signal:-1
[2025-02-22 00:01:05.770475] INFO: logInfo: Empty DataFrame
Columns: [type, entry_date, exit_date, shares, pnl]
Index: []
[2025-02-22 00:01:05.770806] INFO: logInfo: Empty DataFrame
Columns: [type, date, shares, fill_price]
Index: []
[2025-02-22 00:01:07.094845] INFO: logInfo: code: 600183 all_pnl:0.0 win_rate:0.0 trade_count:0.0 unrealized_pnl:0.0 signal:-1
[2025-02-22 00:01:07.095065] INFO: logInfo: Empty DataFrame
Columns: [type, entry_date, exit_date, shares, pnl]
Index: []
[2025-02-22 00:01:07.095413] INFO: logInfo: Empty DataFrame
Columns: [type, date, shares, fill_price]
Index: []
[2025-02-22 00:01:08.451127] INFO: logInfo: code: 601825 all_pnl:0.0 win_rate:0.0 trade_count:0.0 unrealized_pnl:0.0 signal:-1
[2025-02-22 00:01:08.451320] INFO: logInfo: Empty DataFrame
Columns: [type, entry_date, exit_date, shares, pnl]
Index: []
[2025-02-22 00:01:08.451638] INFO: logInfo: Empty DataFrame
Columns: [type, date, shares, fill_price]
Index: []
[2025-02-22 00:01:10.513214] INFO: logInfo: code: 603893 all_pnl:0.0 win_rate:0.0 trade_count:0.0 unrealized_pnl:0.0 signal:-1
[2025-02-22 00:01:10.513816] INFO: logInfo: Empty DataFrame
Columns: [type, entry_date, exit_date, shares, pnl]
Index: []
[2025-02-22 00:01:10.514229] INFO: logInfo: Empty DataFrame
Columns: [type, date, shares, fill_price]
Index: []
[2025-02-22 00:01:11.131556] INFO: logInfo: code: 601077 all_pnl:0.0 win_rate:0.0 trade_count:0.0 unrealized_pnl:0.0 signal:-1
[2025-02-22 00:01:11.131782] INFO: logInfo: Empty DataFrame
Columns: [type, entry_date, exit_date, shares, pnl]
Index: []
[2025-02-22 00:01:11.132133] INFO: logInfo: Empty DataFrame
Columns: [type, date, shares, fill_price]
Index: []
[2025-02-22 00:01:11.254310] INFO: logInfo: code: 600415 all_pnl:0.0 win_rate:0.0 trade_count:0.0 unrealized_pnl:0.0 signal:-1
[2025-02-22 00:01:11.254548] INFO: logInfo: Empty DataFrame
Columns: [type, entry_date, exit_date, shares, pnl]
Index: []
[2025-02-22 00:01:11.254888] INFO: logInfo: Empty DataFrame
Columns: [type, date, shares, fill_price]
Index: []
[2025-02-22 00:01:13.740932] INFO: logInfo: code: 002028 all_pnl:0.0 win_rate:0.0 trade_count:0.0 unrealized_pnl:0.0 signal:-1
[2025-02-22 00:01:13.741137] INFO: logInfo: Empty DataFrame
Columns: [type, entry_date, exit_date, shares, pnl]
Index: []
[2025-02-22 00:01:13.741458] INFO: logInfo: Empty DataFrame
Columns: [type, date, shares, fill_price]
Index: []
[2025-02-22 00:01:15.095184] INFO: logInfo: code: 601298 all_pnl:0.0 win_rate:0.0 trade_count:0.0 unrealized_pnl:0.0 signal:-1
[2025-02-22 00:01:15.095433] INFO: logInfo: Empty DataFrame
Columns: [type, entry_date, exit_date, shares, pnl]
Index: []
[2025-02-22 00:01:15.095933] INFO: logInfo: Empty DataFrame
Columns: [type, date, shares, fill_price]
Index: []
[2025-02-22 00:01:15.204279] INFO: logInfo: code: 600066 all_pnl:0.0 win_rate:0.0 trade_count:0.0 unrealized_pnl:0.0 signal:-1
[2025-02-22 00:01:15.204483] INFO: logInfo: Empty DataFrame
Columns: [type, entry_date, exit_date, shares, pnl]
Index: []
[2025-02-22 00:01:15.204802] INFO: logInfo: Empty DataFrame
Columns: [type, date, shares, fill_price]
Index: []
[2025-02-22 00:01:18.920899] INFO: logInfo: code: 600350 all_pnl:0.0 win_rate:0.0 trade_count:0.0 unrealized_pnl:0.0 signal:-1
[2025-02-22 00:01:18.921116] INFO: logInfo: Empty DataFrame
Columns: [type, entry_date, exit_date, shares, pnl]
Index: []
[2025-02-22 00:01:18.921442] INFO: logInfo: Empty DataFrame
Columns: [type, date, shares, fill_price]
Index: []
[2025-02-22 00:01:19.285135] INFO: logInfo: 回测BOLL_RSI指标结束~ 回测总计: 胜场32 负场:1 总收益1465548.4
[2025-02-22 00:01:19.285275] INFO: logInfo: 开始回测MACD指标~
[2025-02-22 00:01:19.285300] INFO: logInfo: 回测MACD指标结束~
